\BOOKMARK [1][-]{section.1}{\376\377\000I\000n\000t\000r\000o\000d\000u\000c\000c\000i\000\363}{}% 1
\BOOKMARK [1][-]{section.2}{\376\377\000P\000a\000r\000t\000\040\000T\000e\000\362\000r\000i\000c\000a}{}% 2
\BOOKMARK [2][-]{subsection.2.1}{\376\377\000E\000x\000p\000l\000i\000c\000a\000c\000i\000\363\000\040\000d\000e\000l\000\040\000p\000r\000o\000j\000e\000c\000t\000e}{section.2}% 3
\BOOKMARK [3][-]{subsubsection.2.1.1}{\376\377\000P\000r\000o\000j\000e\000c\000t\000e\000\040\000A\000c\000t\000u\000a\000l}{subsection.2.1}% 4
\BOOKMARK [3][-]{subsubsection.2.1.2}{\376\377\000R\000e\000q\000u\000e\000r\000i\000m\000e\000n\000t\000s\000\040\000d\000e\000l\000\040\000n\000o\000u\000\040\000M\000i\000x\000e\000r}{subsection.2.1}% 5
\BOOKMARK [2][-]{subsection.2.2}{\376\377\000E\000i\000n\000e\000s\000\040\000G\000r\000\340\000f\000i\000q\000u\000e\000s}{section.2}% 6
\BOOKMARK [3][-]{subsubsection.2.2.1}{\376\377\000H\000e\000a\000d\000l\000e\000s\000s\000\040\000C\000h\000r\000o\000m\000e}{subsection.2.2}% 7
\BOOKMARK [3][-]{subsubsection.2.2.2}{\376\377\000W\000e\000b\000G\000L\000\040\000H\000e\000a\000d\000l\000e\000s\000s}{subsection.2.2}% 8
\BOOKMARK [3][-]{subsubsection.2.2.3}{\376\377\000U\000n\000r\000e\000a\000l\000\040\000E\000n\000g\000i\000n\000e\000\040\0004}{subsection.2.2}% 9
\BOOKMARK [3][-]{subsubsection.2.2.4}{\376\377\000U\000n\000i\000t\000y}{subsection.2.2}% 10
\BOOKMARK [2][-]{subsection.2.3}{\376\377\000T\000r\000a\000c\000t\000a\000m\000e\000n\000t\000\040\000d\000e\000l\000s\000\040\000f\000l\000u\000x\000e\000s\000\040\000d\000e\000\040\000v\000i\000d\000e\000o}{section.2}% 11
\BOOKMARK [3][-]{subsubsection.2.3.1}{\376\377\000F\000o\000r\000m\000a\000t\000s\000\040\000C\000o\000m\000p\000a\000t\000i\000b\000l\000e\000s}{subsection.2.3}% 12
\BOOKMARK [3][-]{subsubsection.2.3.2}{\376\377\000P\000r\000o\000t\000o\000c\000o\000l\000s\000\040\000d\000e\000\040\000S\000t\000r\000e\000a\000m\000i\000n\000g}{subsection.2.3}% 13
\BOOKMARK [3][-]{subsubsection.2.3.3}{\376\377\000L\000l\000i\000b\000r\000e\000r\000i\000e\000s\000\040\000d\000e\000\040\000p\000r\000o\000c\000e\000s\000s\000a\000m\000e\000n\000t}{subsection.2.3}% 14
\BOOKMARK [1][-]{section.3}{\376\377\000P\000r\000o\000p\000o\000s\000i\000c\000i\000\363}{}% 15
\BOOKMARK [2][-]{subsection.3.1}{\376\377\000C\000o\000m\000p\000a\000r\000a\000c\000i\000\363\000:\000\040\000V\000e\000n\000t\000a\000t\000g\000e\000s\000\040\000i\000\040\000d\000e\000s\000v\000e\000n\000t\000a\000t\000g\000e\000s\000\040\000d\000e\000\040\000c\000a\000d\000a\000\040\000e\000i\000n\000a}{section.3}% 16
\BOOKMARK [2][-]{subsection.3.2}{\376\377\000E\000l\000e\000c\000c\000i\000\363\000\040\000d\000e\000\040\000l\000'\000e\000i\000n\000a\000\040\000i\000\040\000j\000u\000s\000t\000i\000f\000i\000c\000a\000c\000i\000\363}{section.3}% 17
\BOOKMARK [3][-]{subsubsection.3.2.1}{\376\377\000C\000h\000r\000o\000m\000e\000\040\000H\000e\000a\000d\000l\000e\000s\000s}{subsection.3.2}% 18
\BOOKMARK [3][-]{subsubsection.3.2.2}{\376\377\000U\000n\000r\000e\000a\000l\000\040\000E\000n\000g\000i\000n\000e\000\040\0004}{subsection.3.2}% 19
\BOOKMARK [3][-]{subsubsection.3.2.3}{\376\377\000U\000n\000i\000t\000y}{subsection.3.2}% 20
\BOOKMARK [2][-]{subsection.3.3}{\376\377\000E\000l\000e\000c\000c\000i\000\363\000\040\000d\000e\000\040\000l\000e\000s\000\040\000l\000l\000i\000b\000r\000e\000r\000i\000e\000s\000\040\000a\000\040\000u\000t\000i\000l\000i\000t\000z\000a\000r}{section.3}% 21
\BOOKMARK [3][-]{subsubsection.3.3.1}{\376\377\000E\000n\000t\000r\000a\000d\000a\000\040\000d\000e\000\040\000f\000l\000u\000x\000o\000s}{subsection.3.3}% 22
\BOOKMARK [3][-]{subsubsection.3.3.2}{\376\377\000S\000o\000r\000t\000i\000d\000a\000\040\000d\000e\000l\000\040\000f\000r\000a\000m\000e}{subsection.3.3}% 23
\BOOKMARK [2][-]{subsection.3.4}{\376\377\000E\000l\000e\000c\000c\000i\000\363\000\040\000d\000e\000l\000\040\000h\000a\000r\000d\000w\000a\000r\000e\000\040\000i\000\040\000s\000i\000s\000t\000e\000m\000a}{section.3}% 24
\BOOKMARK [3][-]{subsubsection.3.4.1}{\376\377\000P\000l\000a\000t\000a\000f\000o\000r\000m\000a\000\040\000V\000i\000r\000t\000u\000a\000l\000\040\000A\000W\000S}{subsection.3.4}% 25
\BOOKMARK [3][-]{subsubsection.3.4.2}{\376\377\000S\000i\000s\000t\000e\000m\000a\000\040\000o\000p\000e\000r\000a\000t\000i\000u}{subsection.3.4}% 26
\BOOKMARK [1][-]{section.4}{\376\377\000P\000a\000r\000t\000\040\000P\000r\000\340\000c\000t\000i\000c\000a}{}% 27
\BOOKMARK [2][-]{subsection.4.1}{\376\377\000A\000r\000q\000u\000i\000t\000e\000c\000t\000u\000r\000a\000\040\000d\000e\000l\000\040\000s\000i\000s\000t\000e\000m\000a}{section.4}% 28
\BOOKMARK [2][-]{subsection.4.2}{\376\377\000P\000o\000s\000s\000i\000b\000i\000l\000i\000t\000a\000t\000s}{section.4}% 29
\BOOKMARK [3][-]{subsubsection.4.2.1}{\376\377\000R\000e\000s\000o\000l\000u\000c\000i\000\363}{subsection.4.2}% 30
\BOOKMARK [3][-]{subsubsection.4.2.2}{\376\377\000C\000o\000m\000p\000a\000t\000i\000b\000i\000l\000i\000t\000a\000t\000\040\000f\000l\000u\000x\000e\000s\000\040\000d\000'\000e\000n\000t\000r\000a\000d\000a}{subsection.4.2}% 31
\BOOKMARK [3][-]{subsubsection.4.2.3}{\376\377\000C\000o\000n\000t\000r\000o\000l\000\040\000d\000e\000\040\000l\000'\000a\000p\000p}{subsection.4.2}% 32
\BOOKMARK [3][-]{subsubsection.4.2.4}{\376\377\000C\000o\000m\000p\000a\000t\000i\000b\000i\000l\000i\000t\000a\000t\000\040\000a\000u\000d\000i\000o}{subsection.4.2}% 33
\BOOKMARK [3][-]{subsubsection.4.2.5}{\376\377\000T\000r\000a\000n\000s\000i\000c\000i\000o\000n\000s}{subsection.4.2}% 34
\BOOKMARK [1][-]{section.5}{\376\377\000I\000m\000a\000g\000e\000s\000\040\000R\000e\000f\000e\000r\000e\000n\000c\000e\000s}{}% 35
\BOOKMARK [1][-]{section.6}{\376\377\000A\000n\000n\000e\000x\000e\000s}{}% 36
