This is XeTeX, Version 3.14159265-2.6-0.999991 (TeX Live 2019/Debian) (preloaded format=xelatex 2021.8.17)  17 AUG 2021 17:31
entering extended mode
 restricted \write18 enabled.
 %&-line parsing enabled.
**TFGAlexVicente.tex
(./TFGAlexVicente.tex
LaTeX2e <2020-02-02> patch level 2
L3 programming layer <2020-02-14>
(/usr/share/texlive/texmf-dist/tex/latex/base/article.cls
Document Class: article 2019/12/20 v1.4l Standard LaTeX document class
(/usr/share/texlive/texmf-dist/tex/latex/base/size10.clo
File: size10.clo 2019/12/20 v1.4l Standard LaTeX file (size option)
)
\c@part=\count163
\c@section=\count164
\c@subsection=\count165
\c@subsubsection=\count166
\c@paragraph=\count167
\c@subparagraph=\count168
\c@figure=\count169
\c@table=\count170
\abovecaptionskip=\skip47
\belowcaptionskip=\skip48
\bibindent=\dimen134
)
(/usr/share/texlive/texmf-dist/tex/latex/base/fontenc.sty
Package: fontenc 2020/02/11 v2.0o Standard LaTeX package
LaTeX Font Info:    Trying to load font information for T1+lmr on input line 11
2.

(/usr/share/texmf/tex/latex/lm/t1lmr.fd
File: t1lmr.fd 2009/10/30 v1.6 Font defs for Latin Modern
))
(/usr/share/texlive/texmf-dist/tex/latex/tools/array.sty
Package: array 2019/08/31 v2.4l Tabular extension package (FMi)
\col@sep=\dimen135
\ar@mcellbox=\box45
\extrarowheight=\dimen136
\NC@list=\toks14
\extratabsurround=\skip49
\backup@length=\skip50
\ar@cellbox=\box46
)
(/usr/share/texlive/texmf-dist/tex/latex/float/float.sty
Package: float 2001/11/08 v1.3d Float enhancements (AL)
\c@float@type=\count171
\float@exts=\toks15
\float@box=\box47
\@float@everytoks=\toks16
\@floatcapt=\box48
)
(/usr/share/texlive/texmf-dist/tex/latex/tools/calc.sty
Package: calc 2017/05/25 v4.3 Infix arithmetic (KKT,FJ)
\calc@Acount=\count172
\calc@Bcount=\count173
\calc@Adimen=\dimen137
\calc@Bdimen=\dimen138
\calc@Askip=\skip51
\calc@Bskip=\skip52
LaTeX Info: Redefining \setlength on input line 80.
LaTeX Info: Redefining \addtolength on input line 81.
\calc@Ccount=\count174
\calc@Cskip=\skip53
)
(/usr/share/texlive/texmf-dist/tex/latex/graphics/graphicx.sty
Package: graphicx 2019/11/30 v1.2a Enhanced LaTeX Graphics (DPC,SPQR)

(/usr/share/texlive/texmf-dist/tex/latex/graphics/keyval.sty
Package: keyval 2014/10/28 v1.15 key=value parser (DPC)
\KV@toks@=\toks17
)
(/usr/share/texlive/texmf-dist/tex/latex/graphics/graphics.sty
Package: graphics 2019/11/30 v1.4a Standard LaTeX Graphics (DPC,SPQR)

(/usr/share/texlive/texmf-dist/tex/latex/graphics/trig.sty
Package: trig 2016/01/03 v1.10 sin cos tan (DPC)
)
(/usr/share/texlive/texmf-dist/tex/latex/graphics-cfg/graphics.cfg
File: graphics.cfg 2016/06/04 v1.11 sample graphics configuration
)
Package graphics Info: Driver file: xetex.def on input line 105.

(/usr/share/texlive/texmf-dist/tex/latex/graphics-def/xetex.def
File: xetex.def 2017/06/24 v5.0h Graphics/color driver for xetex
))
\Gin@req@height=\dimen139
\Gin@req@width=\dimen140
)
(/usr/share/texlive/texmf-dist/tex/latex/hyperref/hyperref.sty
Package: hyperref 2020/01/14 v7.00d Hypertext links for LaTeX

(/usr/share/texlive/texmf-dist/tex/generic/ltxcmds/ltxcmds.sty
Package: ltxcmds 2019/12/15 v1.24 LaTeX kernel commands for general use (HO)
)
(/usr/share/texlive/texmf-dist/tex/generic/iftex/iftex.sty
Package: iftex 2019/11/07 v1.0c TeX engine tests
)
(/usr/share/texlive/texmf-dist/tex/latex/pdftexcmds/pdftexcmds.sty
Package: pdftexcmds 2019/11/24 v0.31 Utility functions of pdfTeX for LuaTeX (HO
)

(/usr/share/texlive/texmf-dist/tex/generic/infwarerr/infwarerr.sty
Package: infwarerr 2019/12/03 v1.5 Providing info/warning/error messages (HO)
)
Package pdftexcmds Info: \pdf@primitive is available.
Package pdftexcmds Info: \pdf@ifprimitive is available.
Package pdftexcmds Info: \pdfdraftmode not found.
)
(/usr/share/texlive/texmf-dist/tex/generic/kvsetkeys/kvsetkeys.sty
Package: kvsetkeys 2019/12/15 v1.18 Key value parser (HO)
)
(/usr/share/texlive/texmf-dist/tex/generic/kvdefinekeys/kvdefinekeys.sty
Package: kvdefinekeys 2019-12-19 v1.6 Define keys (HO)
)
(/usr/share/texlive/texmf-dist/tex/generic/pdfescape/pdfescape.sty
Package: pdfescape 2019/12/09 v1.15 Implements pdfTeX's escape features (HO)
)
(/usr/share/texlive/texmf-dist/tex/latex/hycolor/hycolor.sty
Package: hycolor 2020-01-27 v1.10 Color options for hyperref/bookmark (HO)
)
(/usr/share/texlive/texmf-dist/tex/latex/letltxmacro/letltxmacro.sty
Package: letltxmacro 2019/12/03 v1.6 Let assignment for LaTeX macros (HO)
)
(/usr/share/texlive/texmf-dist/tex/latex/auxhook/auxhook.sty
Package: auxhook 2019-12-17 v1.6 Hooks for auxiliary files (HO)
)
(/usr/share/texlive/texmf-dist/tex/latex/kvoptions/kvoptions.sty
Package: kvoptions 2019/11/29 v3.13 Key value format for package options (HO)
)
\@linkdim=\dimen141
\Hy@linkcounter=\count175
\Hy@pagecounter=\count176

(/usr/share/texlive/texmf-dist/tex/latex/hyperref/pd1enc.def
File: pd1enc.def 2020/01/14 v7.00d Hyperref: PDFDocEncoding definition (HO)
)
(/usr/share/texlive/texmf-dist/tex/generic/intcalc/intcalc.sty
Package: intcalc 2019/12/15 v1.3 Expandable calculations with integers (HO)
)
(/usr/share/texlive/texmf-dist/tex/generic/etexcmds/etexcmds.sty
Package: etexcmds 2019/12/15 v1.7 Avoid name clashes with e-TeX commands (HO)
)
\Hy@SavedSpaceFactor=\count177
Package hyperref Info: Option `unicode' set `true' on input line 4421.

(/usr/share/texlive/texmf-dist/tex/latex/hyperref/puenc.def
File: puenc.def 2020/01/14 v7.00d Hyperref: PDF Unicode definition (HO)
)
Package hyperref Info: Option `bookmarks' set `true' on input line 4421.
Package hyperref Info: Option `bookmarksnumbered' set `false' on input line 442
1.
Package hyperref Info: Option `bookmarksopen' set `false' on input line 4421.
Package hyperref Info: Option `breaklinks' set `false' on input line 4421.
Package hyperref Info: Option `colorlinks' set `false' on input line 4421.
Package hyperref Info: Hyper figures OFF on input line 4547.
Package hyperref Info: Link nesting OFF on input line 4552.
Package hyperref Info: Hyper index ON on input line 4555.
Package hyperref Info: Plain pages OFF on input line 4562.
Package hyperref Info: Backreferencing OFF on input line 4567.
Package hyperref Info: Implicit mode ON; LaTeX internals redefined.
Package hyperref Info: Bookmarks ON on input line 4800.
\c@Hy@tempcnt=\count178

(/usr/share/texlive/texmf-dist/tex/latex/url/url.sty
\Urlmuskip=\muskip16
Package: url 2013/09/16  ver 3.4  Verb mode for urls, etc.
)
LaTeX Info: Redefining \url on input line 5159.
\XeTeXLinkMargin=\dimen142

(/usr/share/texlive/texmf-dist/tex/generic/bitset/bitset.sty
Package: bitset 2019/12/09 v1.3 Handle bit-vector datatype (HO)

(/usr/share/texlive/texmf-dist/tex/generic/bigintcalc/bigintcalc.sty
Package: bigintcalc 2019/12/15 v1.5 Expandable calculations on big integers (HO
)
))
\Fld@menulength=\count179
\Field@Width=\dimen143
\Fld@charsize=\dimen144
Package hyperref Info: Hyper figures OFF on input line 6430.
Package hyperref Info: Link nesting OFF on input line 6435.
Package hyperref Info: Hyper index ON on input line 6438.
Package hyperref Info: backreferencing OFF on input line 6445.
Package hyperref Info: Link coloring OFF on input line 6450.
Package hyperref Info: Link coloring with OCG OFF on input line 6455.
Package hyperref Info: PDF/A mode OFF on input line 6460.
LaTeX Info: Redefining \ref on input line 6500.
LaTeX Info: Redefining \pageref on input line 6504.

(/usr/share/texlive/texmf-dist/tex/generic/atbegshi/atbegshi.sty
Package: atbegshi 2019/12/05 v1.19 At begin shipout hook (HO)
)
\Hy@abspage=\count180
\c@Item=\count181
\c@Hfootnote=\count182
)
Package hyperref Info: Driver (autodetected): hxetex.

(/usr/share/texlive/texmf-dist/tex/latex/hyperref/hxetex.def
File: hxetex.def 2020/01/14 v7.00d Hyperref driver for XeTeX

(/usr/share/texlive/texmf-dist/tex/generic/stringenc/stringenc.sty
Package: stringenc 2019/11/29 v1.12 Convert strings between diff. encodings (HO
)
)
\pdfm@box=\box49
\c@Hy@AnnotLevel=\count183
\HyField@AnnotCount=\count184
\Fld@listcount=\count185
\c@bookmark@seq@number=\count186

(/usr/share/texlive/texmf-dist/tex/latex/rerunfilecheck/rerunfilecheck.sty
Package: rerunfilecheck 2019/12/05 v1.9 Rerun checks for auxiliary files (HO)

(/usr/share/texlive/texmf-dist/tex/latex/atveryend/atveryend.sty
Package: atveryend 2019-12-11 v1.11 Hooks at the very end of document (HO)
Package atveryend Info: \enddocument detected (standard20110627).
)
(/usr/share/texlive/texmf-dist/tex/generic/uniquecounter/uniquecounter.sty
Package: uniquecounter 2019/12/15 v1.4 Provide unlimited unique counter (HO)
)
Package uniquecounter Info: New unique counter `rerunfilecheck' on input line 2
86.
)
\Hy@SectionHShift=\skip54
)
(/usr/share/texlive/texmf-dist/tex/latex/listings/listings.sty
\lst@mode=\count187
\lst@gtempboxa=\box50
\lst@token=\toks18
\lst@length=\count188
\lst@currlwidth=\dimen145
\lst@column=\count189
\lst@pos=\count190
\lst@lostspace=\dimen146
\lst@width=\dimen147
\lst@newlines=\count191
\lst@lineno=\count192
\lst@maxwidth=\dimen148

(/usr/share/texlive/texmf-dist/tex/latex/listings/lstmisc.sty
File: lstmisc.sty 2019/09/10 1.8c (Carsten Heinz)
\c@lstnumber=\count193
\lst@skipnumbers=\count194
\lst@framebox=\box51
)
(/usr/share/texlive/texmf-dist/tex/latex/listings/listings.cfg
File: listings.cfg 2019/09/10 1.8c listings configuration
))
Package: listings 2019/09/10 1.8c (Carsten Heinz)

(/usr/share/texlive/texmf-dist/tex/latex/xcolor/xcolor.sty
Package: xcolor 2016/05/11 v2.12 LaTeX color extensions (UK)

(/usr/share/texlive/texmf-dist/tex/latex/graphics-cfg/color.cfg
File: color.cfg 2016/01/02 v1.6 sample color configuration
)
Package xcolor Info: Driver file: xetex.def on input line 225.
Package xcolor Info: Model `cmy' substituted by `cmy0' on input line 1348.
Package xcolor Info: Model `RGB' extended on input line 1364.
Package xcolor Info: Model `HTML' substituted by `rgb' on input line 1366.
Package xcolor Info: Model `Hsb' substituted by `hsb' on input line 1367.
Package xcolor Info: Model `tHsb' substituted by `hsb' on input line 1368.
Package xcolor Info: Model `HSB' substituted by `hsb' on input line 1369.
Package xcolor Info: Model `Gray' substituted by `gray' on input line 1370.
Package xcolor Info: Model `wave' substituted by `hsb' on input line 1371.
)
(/usr/share/texlive/texmf-dist/tex/generic/babel/babel.sty
Package: babel 2020/02/14 3.40 The Babel package

(/usr/share/texlive/texmf-dist/tex/generic/babel/switch.def
File: switch.def 2020/02/14 3.40 Babel switching mechanism
)
(/usr/share/texlive/texmf-dist/tex/generic/babel-english/english.ldf
Language: english 2017/06/06 v3.3r English support from the babel system

(/usr/share/texlive/texmf-dist/tex/generic/babel/babel.def
File: babel.def 2020/02/14 3.40 Babel common definitions
\babel@savecnt=\count195
\U@D=\dimen149

(/usr/share/texlive/texmf-dist/tex/generic/babel/xebabel.def
(/usr/share/texlive/texmf-dist/tex/generic/babel/txtbabel.def))
\bbl@readstream=\read2
\bbl@dirlevel=\count196
)
Package babel Info: \l@british = using hyphenrules for english
(babel)             (\language0) on input line 82.
Package babel Info: \l@UKenglish = using hyphenrules for english
(babel)             (\language0) on input line 83.
Package babel Info: \l@canadian = using hyphenrules for english
(babel)             (\language0) on input line 102.
Package babel Info: \l@australian = using hyphenrules for english
(babel)             (\language0) on input line 105.
Package babel Info: \l@newzealand = using hyphenrules for english
(babel)             (\language0) on input line 108.
))
(/usr/share/texlive/texmf-dist/tex/latex/fontspec/fontspec.sty
(/usr/share/texlive/texmf-dist/tex/latex/l3packages/xparse/xparse.sty
(/usr/share/texlive/texmf-dist/tex/latex/l3kernel/expl3.sty
Package: expl3 2020-02-14 L3 programming layer (loader) 

(/usr/share/texlive/texmf-dist/tex/latex/l3backend/l3backend-xdvipdfmx.def
File: l3backend-xdvipdfmx.def 2020-02-03 L3 backend support: xdvipdfmx
\g__graphics_track_int=\count197
\l__pdf_internal_box=\box52
\g__pdf_backend_object_int=\count198
\g__pdf_backend_annotation_int=\count199
))
Package: xparse 2020-02-14 L3 Experimental document command parser
\l__xparse_current_arg_int=\count266
\g__xparse_grabber_int=\count267
\l__xparse_m_args_int=\count268
\l__xparse_v_nesting_int=\count269
)
Package: fontspec 2020/02/03 v2.7h Font selection for XeLaTeX and LuaLaTeX

(/usr/share/texlive/texmf-dist/tex/latex/fontspec/fontspec-xetex.sty
Package: fontspec-xetex 2020/02/03 v2.7h Font selection for XeLaTeX and LuaLaTe
X
\l__fontspec_script_int=\count270
\l__fontspec_language_int=\count271
\l__fontspec_strnum_int=\count272
\l__fontspec_tmp_int=\count273
\l__fontspec_tmpa_int=\count274
\l__fontspec_tmpb_int=\count275
\l__fontspec_tmpc_int=\count276
\l__fontspec_em_int=\count277
\l__fontspec_emdef_int=\count278
\l__fontspec_strong_int=\count279
\l__fontspec_strongdef_int=\count280
\l__fontspec_tmpa_dim=\dimen150
\l__fontspec_tmpb_dim=\dimen151
\l__fontspec_tmpc_dim=\dimen152

(/usr/share/texlive/texmf-dist/tex/latex/base/fontenc.sty
Package: fontenc 2020/02/11 v2.0o Standard LaTeX package
)
(/usr/share/texlive/texmf-dist/tex/latex/fontspec/fontspec.cfg)))
(/usr/share/texlive/texmf-dist/tex/xelatex/xunicode/xunicode.sty
File: xunicode.sty 2011/09/09 v0.981 provides access to latin accents and many 
other characters in Unicode lower plane

(/usr/share/texmf/tex/latex/tipa/t3enc.def
File: t3enc.def 2001/12/31 T3 encoding
)
\tipaTiiicode=\count281
\tipasavetokens=\toks19
\tipachecktokens=\toks20
)
(/usr/share/texlive/texmf-dist/tex/xelatex/xltxtra/xltxtra.sty
Package: xltxtra 2018/12/31 v0.7 Improvements for the "XeLaTeX" format

(/usr/share/texlive/texmf-dist/tex/generic/iftex/ifluatex.sty
Package: ifluatex 2019/10/25 v1.5 ifluatex legacy package. Use iftex instead.
)
(/usr/share/texlive/texmf-dist/tex/generic/iftex/ifxetex.sty
Package: ifxetex 2019/10/25 v0.7 ifxetex legacy package. Use iftex instead.
)
(/usr/share/texlive/texmf-dist/tex/latex/realscripts/realscripts.sty
Package: realscripts 2016/02/13 v0.3d Access OpenType subscripts and superscrip
ts
\subsupersep=\dimen153
)
(/usr/share/texlive/texmf-dist/tex/latex/metalogo/metalogo.sty
Package: metalogo 2010/05/29 v0.12 Extended TeX logo macros
\xl@everylogo=\toks21
\xl@@everylogo=\toks22
LaTeX Info: Redefining \TeX on input line 193.
LaTeX Info: Redefining \LaTeX on input line 202.
LaTeX Info: Redefining \LaTeXe on input line 219.
)
\l__xetex_show_hyphens_wrapping_box=\box53
\l__xetex_show_hyphens_temp_box=\box54
\l__xetex_show_hyphens_final_box=\box55
\g__xetex_show_hyphens_word_box=\box56
)
(./TFGAlexVicente.aux)
\openout1 = `TFGAlexVicente.aux'.

LaTeX Font Info:    Checking defaults for OML/cmm/m/it on input line 44.
LaTeX Font Info:    ... okay on input line 44.
LaTeX Font Info:    Checking defaults for OMS/cmsy/m/n on input line 44.
LaTeX Font Info:    ... okay on input line 44.
LaTeX Font Info:    Checking defaults for OT1/cmr/m/n on input line 44.
LaTeX Font Info:    ... okay on input line 44.
LaTeX Font Info:    Checking defaults for T1/cmr/m/n on input line 44.
LaTeX Font Info:    ... okay on input line 44.
LaTeX Font Info:    Checking defaults for TS1/cmr/m/n on input line 44.
LaTeX Font Info:    Trying to load font information for TS1+cmr on input line 4
4.
 (/usr/share/texlive/texmf-dist/tex/latex/base/ts1cmr.fd
File: ts1cmr.fd 2019/12/16 v2.5j Standard LaTeX font definitions
)
LaTeX Font Info:    ... okay on input line 44.
LaTeX Font Info:    Checking defaults for TU/lmr/m/n on input line 44.
LaTeX Font Info:    ... okay on input line 44.
LaTeX Font Info:    Checking defaults for OMX/cmex/m/n on input line 44.
LaTeX Font Info:    ... okay on input line 44.
LaTeX Font Info:    Checking defaults for U/cmr/m/n on input line 44.
LaTeX Font Info:    ... okay on input line 44.
LaTeX Font Info:    Checking defaults for PD1/pdf/m/n on input line 44.
LaTeX Font Info:    ... okay on input line 44.
LaTeX Font Info:    Checking defaults for PU/pdf/m/n on input line 44.
LaTeX Font Info:    ... okay on input line 44.
LaTeX Font Info:    Checking defaults for T3/cmr/m/n on input line 44.
LaTeX Font Info:    Trying to load font information for T3+cmr on input line 44
.
(/usr/share/texmf/tex/latex/tipa/t3cmr.fd
File: t3cmr.fd 2001/12/31 TIPA font definitions
)
LaTeX Font Info:    ... okay on input line 44.
\AtBeginShipoutBox=\box57
Package hyperref Info: Link coloring OFF on input line 44.

(/usr/share/texlive/texmf-dist/tex/latex/hyperref/nameref.sty
Package: nameref 2019/09/16 v2.46 Cross-referencing by name of section

(/usr/share/texlive/texmf-dist/tex/latex/refcount/refcount.sty
Package: refcount 2019/12/15 v3.6 Data extraction from label references (HO)
)
(/usr/share/texlive/texmf-dist/tex/generic/gettitlestring/gettitlestring.sty
Package: gettitlestring 2019/12/15 v1.6 Cleanup title references (HO)
)
\c@section@level=\count282
)
LaTeX Info: Redefining \ref on input line 44.
LaTeX Info: Redefining \pageref on input line 44.
LaTeX Info: Redefining \nameref on input line 44.

(./TFGAlexVicente.out) (./TFGAlexVicente.out)
\@outlinefile=\write3
\openout3 = `TFGAlexVicente.out'.

\c@lstlisting=\count283

Package fontspec Info: Adjusting the maths setup (use [no-math] to avoid
(fontspec)             this).

\symlegacymaths=\mathgroup4
LaTeX Font Info:    Overwriting symbol font `legacymaths' in version `bold'
(Font)                  OT1/cmr/m/n --> OT1/cmr/bx/n on input line 44.
LaTeX Font Info:    Redeclaring math accent \acute on input line 44.
LaTeX Font Info:    Redeclaring math accent \grave on input line 44.
LaTeX Font Info:    Redeclaring math accent \ddot on input line 44.
LaTeX Font Info:    Redeclaring math accent \tilde on input line 44.
LaTeX Font Info:    Redeclaring math accent \bar on input line 44.
LaTeX Font Info:    Redeclaring math accent \breve on input line 44.
LaTeX Font Info:    Redeclaring math accent \check on input line 44.
LaTeX Font Info:    Redeclaring math accent \hat on input line 44.
LaTeX Font Info:    Redeclaring math accent \dot on input line 44.
LaTeX Font Info:    Redeclaring math accent \mathring on input line 44.
LaTeX Font Info:    Redeclaring math symbol \colon on input line 44.
LaTeX Font Info:    Redeclaring math symbol \Gamma on input line 44.
LaTeX Font Info:    Redeclaring math symbol \Delta on input line 44.
LaTeX Font Info:    Redeclaring math symbol \Theta on input line 44.
LaTeX Font Info:    Redeclaring math symbol \Lambda on input line 44.
LaTeX Font Info:    Redeclaring math symbol \Xi on input line 44.
LaTeX Font Info:    Redeclaring math symbol \Pi on input line 44.
LaTeX Font Info:    Redeclaring math symbol \Sigma on input line 44.
LaTeX Font Info:    Redeclaring math symbol \Upsilon on input line 44.
LaTeX Font Info:    Redeclaring math symbol \Phi on input line 44.
LaTeX Font Info:    Redeclaring math symbol \Psi on input line 44.
LaTeX Font Info:    Redeclaring math symbol \Omega on input line 44.
LaTeX Font Info:    Redeclaring math symbol \mathdollar on input line 44.
LaTeX Font Info:    Redeclaring symbol font `operators' on input line 44.
LaTeX Font Info:    Encoding `OT1' has changed to `TU' for symbol font
(Font)              `operators' in the math version `normal' on input line 44.
LaTeX Font Info:    Overwriting symbol font `operators' in version `normal'
(Font)                  OT1/cmr/m/n --> TU/lmr/m/n on input line 44.
LaTeX Font Info:    Encoding `OT1' has changed to `TU' for symbol font
(Font)              `operators' in the math version `bold' on input line 44.
LaTeX Font Info:    Overwriting symbol font `operators' in version `bold'
(Font)                  OT1/cmr/bx/n --> TU/lmr/m/n on input line 44.
LaTeX Font Info:    Overwriting symbol font `operators' in version `normal'
(Font)                  TU/lmr/m/n --> TU/lmr/m/n on input line 44.
LaTeX Font Info:    Overwriting math alphabet `\mathit' in version `normal'
(Font)                  OT1/cmr/m/it --> TU/lmr/m/it on input line 44.
LaTeX Font Info:    Overwriting math alphabet `\mathbf' in version `normal'
(Font)                  OT1/cmr/bx/n --> TU/lmr/b/n on input line 44.
LaTeX Font Info:    Overwriting math alphabet `\mathsf' in version `normal'
(Font)                  OT1/cmss/m/n --> TU/lmss/m/n on input line 44.
LaTeX Font Info:    Overwriting math alphabet `\mathtt' in version `normal'
(Font)                  OT1/cmtt/m/n --> TU/lmtt/m/n on input line 44.
LaTeX Font Info:    Overwriting symbol font `operators' in version `bold'
(Font)                  TU/lmr/m/n --> TU/lmr/b/n on input line 44.
LaTeX Font Info:    Overwriting math alphabet `\mathit' in version `bold'
(Font)                  OT1/cmr/bx/it --> TU/lmr/b/it on input line 44.
LaTeX Font Info:    Overwriting math alphabet `\mathsf' in version `bold'
(Font)                  OT1/cmss/bx/n --> TU/lmss/b/n on input line 44.
LaTeX Font Info:    Overwriting math alphabet `\mathtt' in version `bold'
(Font)                  OT1/cmtt/m/n --> TU/lmtt/b/n on input line 44.


! LaTeX Error: File `images/LogoLaSalle' not found.

See the LaTeX manual or LaTeX Companion for explanation.
Type  H <return>  for immediate help.
 ...                                              
                                                  
l.57 ...degraphics[width=10cm]{images/LogoLaSalle}
                                                  
? 
[1

] (./TFGAlexVicente.toc
LaTeX Font Info:    External font `cmex10' loaded for size
(Font)              <7> on input line 4.
LaTeX Font Info:    External font `cmex10' loaded for size
(Font)              <5> on input line 4.
)
\tf@toc=\write4
\openout4 = `TFGAlexVicente.toc'.

 [1] [2]
Underfull \hbox (badness 10000) in paragraph at lines 138--139

 []


Overfull \hbox (6.08203pt too wide) in paragraph at lines 140--143
[]\TU/lmr/m/n/10 El primer que s’ha d’explicar, és la arquitectura del sistema 
actual de l’empresa
 []

File: images/FrontendMixer.png Graphic file (type bmp)
<images/FrontendMixer.png>

Underfull \hbox (badness 10000) in paragraph at lines 177--181

 []


Underfull \hbox (badness 10000) in paragraph at lines 182--183

 []

[3]
Underfull \hbox (badness 10000) in paragraph at lines 184--189

 []


Overfull \hbox (11.60202pt too wide) in paragraph at lines 210--212
[]\TU/lmr/m/n/10 Poder definir la resolució i framerate del render final (720p/
25fps, 720p/30fps,
 []


Underfull \hbox (badness 10000) in paragraph at lines 226--227

 []

[4]
Underfull \hbox (badness 10000) in paragraph at lines 228--236

 []

(/usr/share/texlive/texmf-dist/tex/latex/listings/lstlang1.sty
File: lstlang1.sty 2019/09/10 1.8c listings language file
)
(/usr/share/texlive/texmf-dist/tex/latex/listings/lstlang1.sty
File: lstlang1.sty 2019/09/10 1.8c listings language file
)
Package hyperref Info: bookmark level for unknown lstlisting defaults to 0 on i
nput line 237.

(./code/hchromeconf_1.txt)
! Undefined control sequence.
\lstlistingname ->\inputencoding 
                                 {latin9}Llistat
l.237 ...},label={chrome}]{code/hchromeconf_1.txt}
                                                  
? 

Overfull \hbox (13.13002pt too wide) in paragraph at lines 254--264
[]\TU/lmr/m/n/10 Headless Chrome està pensat per ser utilitzat amb alguna eina 
d’automatització,
 []


Underfull \hbox (badness 10000) in paragraph at lines 254--264

 []


Underfull \hbox (badness 10000) in paragraph at lines 265--266

 []

[5]
Underfull \hbox (badness 10000) in paragraph at lines 268--274

 []

File: images/SeleniumGraph.png Graphic file (type bmp)
<images/SeleniumGraph.png>

Underfull \hbox (badness 10000) in paragraph at lines 285--289

 []


Underfull \hbox (badness 10000) in paragraph at lines 290--298

 []


Underfull \hbox (badness 10000) in paragraph at lines 299--300

 []

File: images/pupeteer.png Graphic file (type bmp)
<images/pupeteer.png>

Underfull \hbox (badness 10000) in paragraph at lines 301--311

 []

[6]
Underfull \hbox (badness 10000) in paragraph at lines 317--324

 []

(/usr/share/texlive/texmf-dist/tex/latex/listings/lstlang1.sty
File: lstlang1.sty 2019/09/10 1.8c listings language file
)
(./code/puppeteerExample_1.txt)
! Undefined control sequence.
\lstlistingname ->\inputencoding 
                                 {latin9}Llistat
l.331 ...{puppeteer}]{code/puppeteerExample_1.txt}
                                                  
? 

Underfull \hbox (badness 10000) in paragraph at lines 335--347

 []

[7]
File: images/WebGLAquarium.png Graphic file (type bmp)
<images/WebGLAquarium.png>
File: images/Quixel.jpg Graphic file (type bmp)
<images/Quixel.jpg>
 [8]
Underfull \hbox (badness 10000) in paragraph at lines 380--390

 []

File: images/BlueprintRotate.png Graphic file (type bmp)
<images/BlueprintRotate.png>
[9]
File: images/BlueprintChaos.jpg Graphic file (type bmp)
<images/BlueprintChaos.jpg>

Underfull \hbox (badness 10000) in paragraph at lines 428--431

 []


Underfull \hbox (badness 10000) in paragraph at lines 432--440

 []

[10]
File: images/RankingLanguages.png Graphic file (type bmp)
<images/RankingLanguages.png>

Underfull \hbox (badness 10000) in paragraph at lines 463--465

 []

(/usr/share/texlive/texmf-dist/tex/latex/listings/lstlang1.sty
File: lstlang1.sty 2019/09/10 1.8c listings language file
)
(./code/UnityCode.txt)
! Undefined control sequence.
\lstlistingname ->\inputencoding 
                                 {latin9}Llistat
l.466 ...abel={unitytemplate}]{code/UnityCode.txt}
                                                  
? 
[11]
File: images/UnityPhotorealism.jpg Graphic file (type bmp)
<images/UnityPhotorealism.jpg>
File: images/eft.jpg Graphic file (type bmp)
<images/eft.jpg>
 [12]
Underfull \hbox (badness 10000) in paragraph at lines 509--513

 []


Underfull \hbox (badness 10000) in paragraph at lines 514--515

 []

[13]
Underfull \hbox (badness 10000) in paragraph at lines 553--554

 []


Underfull \hbox (badness 10000) in paragraph at lines 577--582

 []


Underfull \hbox (badness 10000) in paragraph at lines 583--584

 []

[14]
Underfull \hbox (badness 10000) in paragraph at lines 602--603

 []

[15]
File: images/DiagramaProtocol.png Graphic file (type bmp)
<images/DiagramaProtocol.png>
File: images/TCPvsUDP.png Graphic file (type bmp)
<images/TCPvsUDP.png>
 [16] [17]
File: images/latencyGraph.png Graphic file (type bmp)
<images/latencyGraph.png>

Overfull \hbox (4.8145pt too wide) in paragraph at lines 730--730
 []|\TU/lmr/m/n/10 Constantment 
 []


Overfull \hbox (1.92747pt too wide) in paragraph at lines 724--739
[][] 
 []

[18]
Underfull \hbox (badness 10000) in paragraph at lines 746--753

 []


Underfull \hbox (badness 10000) in paragraph at lines 754--755

 []

File: images/FFmpegLogo.png Graphic file (type bmp)
<images/FFmpegLogo.png>
[19]
Underfull \hbox (badness 10000) in paragraph at lines 800--805

 []

[20] (./code/ffmpegTranscode.txt)
! Undefined control sequence.
\lstlistingname ->\inputencoding 
                                 {latin9}Llistat
l.806 ...mpegTranscode}]{code/ffmpegTranscode.txt}
                                                  
? 

Underfull \hbox (badness 10000) in paragraph at lines 808--811

 []

(./code/ffmpegInstall.txt)
! Undefined control sequence.
\lstlistingname ->\inputencoding 
                                 {latin9}Llistat
l.812 ...={ffmpegInstall}]{code/ffmpegInstall.txt}
                                                  
? 

Underfull \hbox (badness 10000) in paragraph at lines 814--819

 []


Underfull \hbox (badness 10000) in paragraph at lines 820--821

 []


Underfull \hbox (badness 10000) in paragraph at lines 822--833

 []

File: images/vlc1stVersion.jpg Graphic file (type bmp)
<images/vlc1stVersion.jpg>
[21]
Underfull \hbox (badness 10000) in paragraph at lines 845--848

 []

(/usr/share/texlive/texmf-dist/tex/latex/listings/lstlang1.sty
File: lstlang1.sty 2019/09/10 1.8c listings language file
)
(/usr/share/texlive/texmf-dist/tex/latex/listings/lstmisc.sty
File: lstmisc.sty 2019/09/10 1.8c (Carsten Heinz)
)
(./code/vlcExemple.txt [22])
! Undefined control sequence.
\lstlistingname ->\inputencoding 
                                 {latin9}Llistat
l.849 ...abel={libVLCSample}]{code/vlcExemple.txt}
                                                  
? 
[23]
Underfull \hbox (badness 10000) in paragraph at lines 880--884

 []


Underfull \hbox (badness 10000) in paragraph at lines 887--895

 []

[24]
File: images/GraphHeadlessChromeEmpirical.png Graphic file (type bmp)
<images/GraphHeadlessChromeEmpirical.png>
 (./code/ExperimentHCEmpirical.txt [25])
! Undefined control sequence.
\lstlistingname ->\inputencoding 
                                 {latin9}Llistat
l.925 ...pirical}]{code/ExperimentHCEmpirical.txt}
                                                  
? 

Underfull \hbox (badness 10000) in paragraph at lines 960--964

 []

(/usr/share/texlive/texmf-dist/tex/latex/listings/lstlang1.sty
File: lstlang1.sty 2019/09/10 1.8c listings language file
)
(/usr/share/texlive/texmf-dist/tex/latex/listings/lstmisc.sty
File: lstmisc.sty 2019/09/10 1.8c (Carsten Heinz)
)
(./code/tests/headlessChrome/index.html [26])
! Undefined control sequence.
\lstlistingname ->\inputencoding 
                                 {latin9}Llistat
l.965 ...x}]{code/tests/headlessChrome/index.html}
                                                  
? 
File: images/tests/CHindexhtml.jpg Graphic file (type bmp)
<images/tests/CHindexhtml.jpg>

Underfull \hbox (badness 10000) in paragraph at lines 979--994

 []

[27] (./code/tests/headlessChrome/videoPlayback.js [28])
! Undefined control sequence.
\lstlistingname ->\inputencoding 
                                 {latin9}Llistat
l.995 ...de/tests/headlessChrome/videoPlayback.js}
                                                  
? 

Underfull \hbox (badness 10000) in paragraph at lines 997--1002

 []

(./code/tests/headlessChrome/ffmpegCommands.txt)
! Undefined control sequence.
\lstlistingname ->\inputencoding 
                                 {latin9}Llistat
l.1003 ...tests/headlessChrome/ffmpegCommands.txt}
                                                  
? 
[29]
File: images/tests/architectureFacebookCanvas.png Graphic file (type bmp)
<images/tests/architectureFacebookCanvas.png>

Underfull \hbox (badness 10000) in paragraph at lines 1032--1036

 []

(./code/tests/headlessChrome/server.js [30] [31])
! Undefined control sequence.
\lstlistingname ->\inputencoding 
                                 {latin9}Llistat
l.1037 ...r}]{code/tests/headlessChrome/server.js}
                                                  
? 

Underfull \hbox (badness 10000) in paragraph at lines 1044--1047

 []


Underfull \hbox (badness 10000) in paragraph at lines 1050--1064

 []

[32]
File: images/tests/NDIVLC.jpg Graphic file (type bmp)
<images/tests/NDIVLC.jpg>

Underfull \hbox (badness 10000) in paragraph at lines 1079--1082

 []

File: images/tests/NDIReceive.jpeg Graphic file (type bmp)
<images/tests/NDIReceive.jpeg>
[33]
File: images/tests/UnrealNDI.png Graphic file (type bmp)
<images/tests/UnrealNDI.png>

Overfull \hbox (16.34187pt too wide) in paragraph at lines 1101--1102
 [][] 
 []


Underfull \hbox (badness 10000) in paragraph at lines 1106--1112

 []

File: images/tests/UMPFunctions.png Graphic file (type bmp)
<images/tests/UMPFunctions.png>
[34]
File: images/tests/UnityTest.png Graphic file (type bmp)
<images/tests/UnityTest.png>

Overfull \hbox (16.30844pt too wide) in paragraph at lines 1140--1141
 [][] 
 []

[35]
Underfull \hbox (badness 10000) in paragraph at lines 1145--1151

 []


Underfull \hbox (badness 10000) in paragraph at lines 1152--1155

 []

File: images/AVPro.png Graphic file (type bmp)
<images/AVPro.png>

Overfull \hbox (16.4659pt too wide) in paragraph at lines 1175--1176
 [][] 
 []

[36]
File: images/UMPvsAVPro.png Graphic file (type bmp)
<images/UMPvsAVPro.png>

Overfull \hbox (16.62332pt too wide) in paragraph at lines 1182--1183
 [][] 
 []


Underfull \hbox (badness 10000) in paragraph at lines 1187--1192

 []


Underfull \hbox (badness 10000) in paragraph at lines 1195--1201

 []

[37]
Underfull \hbox (badness 10000) in paragraph at lines 1202--1215

 []

[38]
Underfull \hbox (badness 10000) in paragraph at lines 1276--1280

 []


Underfull \hbox (badness 10000) in paragraph at lines 1283--1291

 []

[39]
Underfull \hbox (badness 10000) in paragraph at lines 1292--1301

 []

File: images/CentOSLogo.png Graphic file (type bmp)
<images/CentOSLogo.png>
File: images/Arquitectura.png Graphic file (type bmp)
<images/Arquitectura.png>
[40]
Underfull \hbox (badness 10000) in paragraph at lines 1337--1346

 []

(./code/xorg.conf [41])
! Undefined control sequence.
\lstlistingname ->\inputencoding 
                                 {latin9}Llistat
l.1347 ...xorg.conf},label={Xorg}]{code/xorg.conf}
                                                  
? 

Underfull \hbox (badness 10000) in paragraph at lines 1349--1356

 []


Underfull \hbox (badness 10000) in paragraph at lines 1357--1362

 []

[42]
File: images/VSyncXorg.png Graphic file (type bmp)
<images/VSyncXorg.png>

Underfull \hbox (badness 10000) in paragraph at lines 1402--1407

 []

[43] [44] [45] [46]

! Package fontspec Error: The font "FiraCode" cannot be found.

For immediate help type H <return>.
 ...                                              
                                                  
l.1536 \begin
             {center}
? 

Package fontspec Info: Could not resolve font "FiraCode/BI" (it probably
(fontspec)             doesn't exist).


Package fontspec Info: Could not resolve font "FiraCode/B" (it probably
(fontspec)             doesn't exist).


Package fontspec Info: Could not resolve font "FiraCode/I" (it probably
(fontspec)             doesn't exist).


! Package fontspec Error: The font "FiraCode" cannot be found.

For immediate help type H <return>.
 ...                                              
                                                  
l.1536 \begin
             {center}
? 

! Package fontspec Error: The font "FiraCode" cannot be found.

For immediate help type H <return>.
 ...                                              
                                                  
l.1536 \begin
             {center}
? 

Package fontspec Info: Font family 'FiraCode(0)' created for font 'FiraCode'
(fontspec)             with options [].
(fontspec)              
(fontspec)              This font family consists of the following NFSS
(fontspec)             series/shapes:
(fontspec)              
(fontspec)             - 'normal' (m/n) with NFSS spec.: <->"FiraCode"
(fontspec)             - 'small caps'  (m/sc) with NFSS spec.: <->"FiraCode"

! Font TU/FiraCode(0)/m/n/10=FiraCode at 10.0pt not loadable: Metric (TFM) file
 or installed font not found.
<to be read again> 
                   relax 
l.1536 \begin
             {center}
? 

! Package fontspec Error: The font "FiraCode" cannot be found.

For immediate help type H <return>.
 ...                                              
                                                  
l.1545 \begin
             {center}
? 
Missing character: There is no a in font nullfont!
Missing character: There is no d in font nullfont!
Missing character: There is no d in font nullfont!
Missing character: There is no V in font nullfont!
Missing character: There is no i in font nullfont!
Missing character: There is no d in font nullfont!
Missing character: There is no e in font nullfont!
Missing character: There is no o in font nullfont!
Missing character: There is no = in font nullfont!
Missing character: There is no 1 in font nullfont!
Missing character: There is no % in font nullfont!
Missing character: There is no / in font nullfont!
Missing character: There is no h in font nullfont!
Missing character: There is no o in font nullfont!
Missing character: There is no m in font nullfont!
Missing character: There is no e in font nullfont!
Missing character: There is no / in font nullfont!
Missing character: There is no u in font nullfont!
Missing character: There is no s in font nullfont!
Missing character: There is no e in font nullfont!
Missing character: There is no r in font nullfont!
Missing character: There is no / in font nullfont!
Missing character: There is no v in font nullfont!
Missing character: There is no i in font nullfont!
Missing character: There is no d in font nullfont!
Missing character: There is no e in font nullfont!
Missing character: There is no o in font nullfont!
Missing character: There is no T in font nullfont!
Missing character: There is no e in font nullfont!
Missing character: There is no s in font nullfont!
Missing character: There is no t in font nullfont!
Missing character: There is no . in font nullfont!
Missing character: There is no m in font nullfont!
Missing character: There is no p in font nullfont!
Missing character: There is no 4 in font nullfont!
Missing character: There is no ~ in font nullfont!
Missing character: There is no 1 in font nullfont!

Underfull \hbox (badness 10000) in paragraph at lines 1562--1570

 []

[47] (./code/unityCode/addAudio.txt)
! Undefined control sequence.
\lstlistingname ->\inputencoding 
                                 {latin9}Llistat
l.1571 ...{AddAudio}]{code/unityCode/addAudio.txt}
                                                  
? 

Underfull \hbox (badness 10000) in paragraph at lines 1575--1583

 []

[48]
Underfull \hbox (badness 10000) in paragraph at lines 1584--1585

 []

[49]
Underfull \hbox (badness 10000) in paragraph at lines 1590--1592
[]\TU/lmr/m/n/10 Watchity. (2019b, September 13). ¿Qué es el Control
 []


Underfull \hbox (badness 10000) in paragraph at lines 1590--1592
\TU/lmr/m/n/10 Room (Live Distribution)? Watchity - Help Center.
 []


Underfull \hbox (badness 10000) in paragraph at lines 1590--1592
\TU/lmr/m/n/10 https://help.watchity.com/hc/es/articles/360017584293--Qu%C3%A9-

 []


Underfull \hbox (badness 4872) in paragraph at lines 1596--1598
[]\TU/lmr/m/n/10 Watchity. (2019, September 9). ¿Qué es el Mixer? Watchity
 []


Underfull \hbox (badness 10000) in paragraph at lines 1602--1604
[]\TU/lmr/m/n/10 FreeDesktop. (2021, January 16). PulseAudio.
 []


Underfull \hbox (badness 10000) in paragraph at lines 1605--1607
[]\TU/lmr/m/n/10 Google. (2021, February 25). Getting Started with
 []


Underfull \hbox (badness 10000) in paragraph at lines 1605--1607
\TU/lmr/m/n/10 Headless Chrome | Web |. Google Developers.
 []


Underfull \hbox (badness 10000) in paragraph at lines 1611--1614
[]\TU/lmr/m/n/10 SeleniumHQ. (2021a, July 7). Driver requirements ::
 []


Underfull \hbox (badness 10000) in paragraph at lines 1611--1614
\TU/lmr/m/n/10 Documentation for Selenium. Documentació Selenium.
 []


Overfull \hbox (23.41998pt too wide) in paragraph at lines 1611--1614
\TU/lmr/m/n/10 https://www.selenium.dev/documentation/en/webdriver/driver_requi
rements/ 
 []


Underfull \hbox (badness 10000) in paragraph at lines 1625--1628
[]\TU/lmr/m/n/10 Mozilla. (2021, May 27). WebGL: 2D and 3D graph-
 []


Underfull \hbox (badness 10000) in paragraph at lines 1625--1628
\TU/lmr/m/n/10 ics for the web - Web APIs | MDN. WebGL Sup-
 []


Underfull \hbox (badness 10000) in paragraph at lines 1625--1628
\TU/lmr/m/n/10 port by Browser. https://developer.mozilla.org/en-
 []


Underfull \hbox (badness 3907) in paragraph at lines 1629--1632
[]\TU/lmr/m/n/10 Dealessandri, M. (2020, May 14). What is the best game en-
 []


Underfull \hbox (badness 10000) in paragraph at lines 1629--1632
\TU/lmr/m/n/10 gine: is Unreal Engine right for you? GamesIndustry.Biz.
 []


Underfull \hbox (badness 10000) in paragraph at lines 1629--1632
\TU/lmr/m/n/10 https://www.gamesindustry.biz/articles/2020-01-16-what-is-the-be
st-
 []

[50]
Underfull \hbox (badness 10000) in paragraph at lines 1636--1638
[]\TU/lmr/m/n/10 Technologies, U. (2021, January 1). Multiplatform. Unity.
 []


Underfull \hbox (badness 10000) in paragraph at lines 1642--1644
[]\TU/lmr/m/n/10 Technologies, U. (2021b, January 1). Unity
 []


Underfull \hbox (badness 10000) in paragraph at lines 1642--1644
\TU/lmr/m/n/10 - Scripting API: MonoBehaviour. Unity.
 []


Underfull \hbox (badness 10000) in paragraph at lines 1648--1650
[]\TU/lmr/m/n/10 Texto: Luz Fernández. (2002, December 28). La copia
 []


Underfull \hbox (badness 10000) in paragraph at lines 1648--1650
\TU/lmr/m/n/10 de películas se hace fácil en Internet. Cinco Días.
 []


Overfull \hbox (62.73999pt too wide) in paragraph at lines 1648--1650
\TU/lmr/m/n/10 https://cincodias.elpais.com/cincodias/2002/12/28/tecnologia/104
1322677_850215.html 
 []


Underfull \hbox (badness 10000) in paragraph at lines 1658--1660
[]\TU/lmr/m/n/10 Hao, D. T. G. (2019, August 7). Mixer’s Faster
 []


Underfull \hbox (badness 10000) in paragraph at lines 1658--1660
\TU/lmr/m/n/10 Than Light streaming protocol explained. Dot Esports.
 []


Underfull \hbox (badness 10000) in paragraph at lines 1658--1660
\TU/lmr/m/n/10 https://dotesports.com/streaming/news/mixers-faster-than-light-
 []


Underfull \hbox (badness 1014) in paragraph at lines 1661--1664
\TU/lmr/m/n/10 en la que tenía en exclusiva a superestrellas de eSports como. .
 .
 []


Underfull \hbox (badness 10000) in paragraph at lines 1661--1664
\TU/lmr/m/n/10 Xataka. https://www.xataka.com/videojuegos/microsoft-cierra-mixe
r-
 []


Underfull \hbox (badness 10000) in paragraph at lines 1661--1664
\TU/lmr/m/n/10 su-alternativa-a-twitch-que-tenia-exclusiva-a-superestrellas-esp
orts-como-
 []


Underfull \hbox (badness 10000) in paragraph at lines 1665--1667
[]\TU/lmr/m/n/10 Twitch. (2015, December 18). Twitch Blog | Twitch En-
 []


Underfull \hbox (badness 10000) in paragraph at lines 1665--1667
\TU/lmr/m/n/10 gineering: An Introduction and Overview. Twitch Blog.
 []


Underfull \hbox (badness 10000) in paragraph at lines 1665--1667
\TU/lmr/m/n/10 https://blog.twitch.tv/en/2015/12/18/twitch-engineering-an-
 []


Underfull \hbox (badness 10000) in paragraph at lines 1668--1669
[]\TU/lmr/m/n/10 FFmpeg. (2021, January 1). About FFmpeg.
 []


Underfull \hbox (badness 10000) in paragraph at lines 1670--1672
[]\TU/lmr/m/n/10 FFmpeg. (2021b, January 1). FFmpeg Filters Documentation.
 []

[51]
Underfull \hbox (badness 10000) in paragraph at lines 1673--1675
[]\TU/lmr/m/n/10 VideoLAN. (2021, January 1). Free Software and Open
 []


Underfull \hbox (badness 10000) in paragraph at lines 1673--1675
\TU/lmr/m/n/10 Source video streaming solution for every OS! - VideoLAN.
 []


Underfull \hbox (badness 10000) in paragraph at lines 1682--1684
[]\TU/lmr/m/n/10 Pereyro, S. (2017, October 31). Screencast with Headless
 []


Underfull \hbox (badness 10000) in paragraph at lines 1682--1684
\TU/lmr/m/n/10 Chrome. Google Docs. https://docs.google.com/presentation/d/1b-
 []


Overfull \hbox (69.0pt too wide) in paragraph at lines 1682--1684
\TU/lmr/m/n/10 HvxKmeFYE3qoNDJDHfbgVwEbi0QgmTvpH8w4CK5Tw/edit#slide=id.gc6f9035
7f_0_0 
 []


Underfull \hbox (badness 10000) in paragraph at lines 1688--1690
\TU/lmr/m/n/10 https://chromedevtools.github.io/devtools-protocol/tot/Page/#met
hod-
 []


Underfull \hbox (badness 10000) in paragraph at lines 1691--1693
[]\TU/lmr/m/n/10 Filmaffinity. (2014, January 1). Nightcrawler (2014).
 []


Underfull \hbox (badness 10000) in paragraph at lines 1694--1696
[]\TU/lmr/m/n/10 Filmaffinity. (1979, January 1). Stalker (1979).
 []


Underfull \hbox (badness 10000) in paragraph at lines 1700--1702
[]\TU/lmr/m/n/10 FFmpeg. (2021c, January 1). FFmpeg Formats Documentation.
 []


Underfull \hbox (badness 2065) in paragraph at lines 1703--1706
[]\TU/lmr/m/n/10 FBSamples. (2020, May 8). GitHub - fbsamples/Canvas-Streaming-

 []


Underfull \hbox (badness 10000) in paragraph at lines 1703--1706
\TU/lmr/m/n/10 Example: This project contains example code showing how
 []


Underfull \hbox (badness 3690) in paragraph at lines 1703--1706
\TU/lmr/m/n/10 to go live on Facebook using a element as a source. GitHub.
 []


Underfull \hbox (badness 10000) in paragraph at lines 1710--1712
[]\TU/lmr/m/n/10 NewTek. (2020, November). NDI Unreal Documentation.
 []


Underfull \hbox (badness 10000) in paragraph at lines 1710--1712
\TU/lmr/m/n/10 NDI Unreal Documentation. http://514f211588de67e4fdcf-
 []


Overfull \hbox (490.89001pt too wide) in paragraph at lines 1710--1712
\TU/lmr/m/n/10 437b8dd50f60b69cf0974b538e50585b.r63.cf1.rackcdn.com/Utilities/S
DK/NDI_SDK_Unreal_Engine/4.25/NDI%20IO%20Plugin%20for%20Unreal%20Engine%20Quick
start%20Guide.pdf 
 []


Underfull \hbox (badness 10000) in paragraph at lines 1713--1715
[]\TU/lmr/m/n/10 Unity Direction Kit. (2016, June 4). UMP (Win,
 []


Underfull \hbox (badness 10000) in paragraph at lines 1713--1715
\TU/lmr/m/n/10 Mac, Linux, WebGL) | Video. Unity Asset Store.
 []


Underfull \hbox (badness 10000) in paragraph at lines 1713--1715
\TU/lmr/m/n/10 https://assetstore.unity.com/packages/tools/video/ump-win-mac-li
nux-
 []

[52]
Underfull \hbox (badness 10000) in paragraph at lines 1719--1721
[]\TU/lmr/m/n/10 RenderHeadsLTD. (2020, March 12). AVPro Video
 []


Underfull \hbox (badness 10000) in paragraph at lines 1719--1721
\TU/lmr/m/n/10 - Ultra Edition | Video. Unity Asset Store.
 []


Underfull \hbox (badness 10000) in paragraph at lines 1719--1721
\TU/lmr/m/n/10 https://assetstore.unity.com/packages/tools/video/avpro-video-ul
tra-
 []


Underfull \hbox (badness 10000) in paragraph at lines 1722--1724
[]\TU/lmr/m/n/10 Keijiro, K. (2019, October 24). GitHub - keijiro/FFmpe-
 []


Underfull \hbox (badness 5105) in paragraph at lines 1722--1724
\TU/lmr/m/n/10 gOut: Video capture plugin for Unity with FFmpeg. GitHub.
 []


Overfull \hbox (34.932pt too wide) in paragraph at lines 1725--1726
[]\TU/lmr/m/n/10 AMD. (2016, February 16). Vulkan. https://www.amd.com/es/techn
ologies/vulkan 
 []


Underfull \hbox (badness 6428) in paragraph at lines 1727--1729
[]\TU/lmr/m/n/10 Amazon. (2021, January 1). AWS | Cloud Computing - Ser-
 []


Underfull \hbox (badness 5771) in paragraph at lines 1727--1729
\TU/lmr/m/n/10 vicios de informática en la nube. Amazon Web Services, Inc.
 []


Overfull \hbox (42.57pt too wide) in paragraph at lines 1739--1741
\TU/lmr/m/n/10 https://help.watchity.com/hc/article_attachments/360027399494/Ti
po_Production.png 
 []


Overfull \hbox (86.06pt too wide) in paragraph at lines 1742--1744
\TU/lmr/m/n/10 Driver Graph. https://www.selenium.dev/documentation/images/basi
c_comms.png?width=400px 
 []


Overfull \hbox (64.57999pt too wide) in paragraph at lines 1745--1747
\TU/lmr/m/n/10 images.githubusercontent.com/10379601/29446482-04f7036a-841f-11e
7-9872-91d1fc2ea683.png 
 []


Overfull \hbox (91.95094pt too wide) in paragraph at lines 1748--1750
[][]\TU/lmr/m/n/10 4[] WebGL Example. (2017, March 17). [Illustration]. Aquariu
m. https://1stwebdesigner.com/wp-
 []


Overfull \hbox (5.00404pt too wide) in paragraph at lines 1757--1760
[][]\TU/lmr/m/n/10 7[] Neginfinity, N. (2013, January 27). Chaos Blueprint [Gra
ph]. UE4 Blueprint
 []


Overfull \hbox (518.98pt too wide) in paragraph at lines 1757--1760
\TU/lmr/m/n/10 Example of Bad Node Programming. https://forum.unity.com/proxy.p
hp?image=https%3A%2F%2Fpbs.twimg.com%2Fmedia%2FDeiyJrDUwAAJQJ8.jpg&hash=f36b58c
4bd4dc432a0a0ff8c62b453c4 
 []

[53]
Overfull \hbox (9.01pt too wide) in paragraph at lines 1761--1763
\TU/lmr/m/n/10 tions. https://darly.solutions/the-most-popular-programming-lang
uages-in-2021/ 
 []


Overfull \hbox (97.57002pt too wide) in paragraph at lines 1767--1769
\TU/lmr/m/n/10 Pre-Alfa 19. www.escapesfromtarkov.com. https://www.escapefromta
rkov.com/media/id/29?lang=es 
 []


Overfull \hbox (5.20401pt too wide) in paragraph at lines 1770--1772
[][]\TU/lmr/m/n/10 11[] Aakanksha, A. (2016, May 12). Diagrama Protocol-Format-
Códec [Graph].
 []


Overfull \hbox (0.45003pt too wide) in paragraph at lines 1770--1772
\TU/lmr/m/n/10 StreamShark. https://streamshark.io/blog/understanding-codecs-an
d-formats/ 
 []


Overfull \hbox (81.25182pt too wide) in paragraph at lines 1773--1775
[][]\TU/lmr/m/n/10 12[] Ruether, T. (2021, March 16). TCP vs UDP [Graph]. Wowza
. https://www.wowza.com/wp-
 []


Overfull \hbox (22.53pt too wide) in paragraph at lines 1776--1778
\TU/lmr/m/n/10 [Graph]. Wowza. https://www.wowza.com/wp-content/uploads/latency
-continuum-
 []


Overfull \hbox (82.32999pt too wide) in paragraph at lines 1779--1781
\TU/lmr/m/n/10 https://upload.wikimedia.org/wikipedia/commons/thumb/5/5f/FFmpeg
_Logo_new.svg/1280px-
 []


Overfull \hbox (270.12999pt too wide) in paragraph at lines 1785--1787
\TU/lmr/m/n/10 Docs. https://docs.google.com/presentation/d/1b-HvxKmeFYE3qoNDJD
HfbgVwEbi0QgmTvpH8w4CK5Tw/edit#slide=id.gc6f90357f_0_0 
 []


Overfull \hbox (9.6pt too wide) in paragraph at lines 1791--1793
\TU/lmr/m/n/10 https://www.newtek.com/blog/tips/vlc-media-player-and-newtek-ndi
-vlc-plugin/ 
 []


Overfull \hbox (212.51001pt too wide) in paragraph at lines 1794--1796
\TU/lmr/m/n/10 https://encrypted-tbn0.gstatic.com/images?q=tbn:ANd9GcRMEVIL0BGn
1XzKBxR2VKpZowQagdDYYENRmA&usqp=CAU 
 []


Overfull \hbox (231.04092pt too wide) in paragraph at lines 1812--1814
[][]\TU/lmr/m/n/10 26[] CentOS. (2015, December 12). CentOS [Logo]. Wiki. https
://upload.wikimedia.org/wikipedia/commons/thumb/b/bf/Centos-
 []

Package atveryend Info: Empty hook `BeforeClearDocument' on input line 1823.
[54]
Package atveryend Info: Empty hook `AfterLastShipout' on input line 1823.
 (./TFGAlexVicente.aux)
Package atveryend Info: Empty hook `AtVeryEndDocument' on input line 1823.
Package atveryend Info: Executing hook `AtEndAfterFileList' on input line 1823.

Package rerunfilecheck Info: File `TFGAlexVicente.out' has not changed.
(rerunfilecheck)             Checksum: C23BBF9295907395A7B72C157C2F3674;5793.
Package atveryend Info: Empty hook `AtVeryVeryEnd' on input line 1823.
 ) 
Here is how much of TeX's memory you used:
 17641 strings out of 481772
 314318 string characters out of 5936451
 886874 words of memory out of 5000000
 34344 multiletter control sequences out of 15000+600000
 535784 words of font info for 38 fonts, out of 8000000 for 9000
 14 hyphenation exceptions out of 8191
 43i,10n,59p,380b,2030s stack positions out of 5000i,500n,10000p,200000b,80000s

Output written on TFGAlexVicente.pdf (55 pages).
